Determining if the include file stdint.h exists failed with the following output:
Change Dir: C:/Work/Reaping2/deps/zlib-1.2.8/build/CMakeFiles/CMakeTmp

Run Build Command:C:\PROGRA~2\MICROS~1.0\Common7\IDE\devenv.com CMAKE_TRY_COMPILE.sln /build Debug /project cmTryCompileExec1571069557

Microsoft (R) Visual Studio Version 9.0.21022.8.
Copyright (C) Microsoft Corp. All rights reserved.
1>------ Build started: Project: cmTryCompileExec1571069557, Configuration: Debug Win32 ------
1>Compiling...
1>Microsoft (R) 32-bit C/C++ Optimizing Compiler Version 15.00.21022.08 for 80x86
1>Copyright (C) Microsoft Corporation.  All rights reserved.
1>cl /Od /D "WIN32" /D "_WINDOWS" /D "_DEBUG" /D "CMAKE_INTDIR=\"Debug\"" /D "_MBCS" /FD /RTC1 /MDd /Fo"cmTryCompileExec1571069557.dir\Debug\\" /Fd"cmTryCompileExec1571069557.dir\Debug\vc90.pdb" /W3 /c /Zi /TC ".\CheckIncludeFile.c"
1>CheckIncludeFile.c
1>.\CheckIncludeFile.c(1) : fatal error C1083: Cannot open include file: 'stdint.h': No such file or directory
1>Build log was saved at "file://c:\Work\Reaping2\deps\zlib-1.2.8\build\CMakeFiles\CMakeTmp\cmTryCompileExec1571069557.dir\Debug\BuildLog.htm"
1>cmTryCompileExec1571069557 - 1 error(s), 0 warning(s)
========== Build: 0 succeeded, 1 failed, 0 up-to-date, 0 skipped ==========


Determining size of off64_t failed with the following output:
Change Dir: C:/Work/Reaping2/deps/zlib-1.2.8/build/CMakeFiles/CMakeTmp

Run Build Command:C:\PROGRA~2\MICROS~1.0\Common7\IDE\devenv.com CMAKE_TRY_COMPILE.sln /build Debug /project cmTryCompileExec3486535077

Microsoft (R) Visual Studio Version 9.0.21022.8.
Copyright (C) Microsoft Corp. All rights reserved.
1>------ Build started: Project: cmTryCompileExec3486535077, Configuration: Debug Win32 ------
1>Compiling...
1>Microsoft (R) 32-bit C/C++ Optimizing Compiler Version 15.00.21022.08 for 80x86
1>Copyright (C) Microsoft Corporation.  All rights reserved.
1>cl /Od /D "WIN32" /D "_WINDOWS" /D "_DEBUG" /D "_LARGEFILE64_SOURCE=1" /D "HAVE_SYS_TYPES_H" /D "HAVE_STDDEF_H" /D "CMAKE_INTDIR=\"Debug\"" /D "_MBCS" /FD /RTC1 /MDd /Fo"cmTryCompileExec3486535077.dir\Debug\\" /Fd"cmTryCompileExec3486535077.dir\Debug\vc90.pdb" /W3 /c /Zi /TC "..\CheckTypeSize\OFF64_T.c"
1>OFF64_T.c
1>..\CheckTypeSize\OFF64_T.c(18) : error C2065: 'off64_t' : undeclared identifier
1>..\CheckTypeSize\OFF64_T.c(19) : error C2065: 'off64_t' : undeclared identifier
1>..\CheckTypeSize\OFF64_T.c(20) : error C2065: 'off64_t' : undeclared identifier
1>..\CheckTypeSize\OFF64_T.c(21) : error C2065: 'off64_t' : undeclared identifier
1>..\CheckTypeSize\OFF64_T.c(22) : error C2065: 'off64_t' : undeclared identifier
1>Build log was saved at "file://c:\Work\Reaping2\deps\zlib-1.2.8\build\CMakeFiles\CMakeTmp\cmTryCompileExec3486535077.dir\Debug\BuildLog.htm"
1>cmTryCompileExec3486535077 - 5 error(s), 0 warning(s)
========== Build: 0 succeeded, 1 failed, 0 up-to-date, 0 skipped ==========

C:/Work/Reaping2/deps/zlib-1.2.8/build/CMakeFiles/CheckTypeSize/OFF64_T.c:
#include <sys/types.h>
#include <stddef.h>


#undef KEY
#if defined(__i386)
# define KEY '_','_','i','3','8','6'
#elif defined(__x86_64)
# define KEY '_','_','x','8','6','_','6','4'
#elif defined(__ppc__)
# define KEY '_','_','p','p','c','_','_'
#elif defined(__ppc64__)
# define KEY '_','_','p','p','c','6','4','_','_'
#endif

#define SIZE (sizeof(off64_t))
char info_size[] =  {'I', 'N', 'F', 'O', ':', 's','i','z','e','[',
  ('0' + ((SIZE / 10000)%10)),
  ('0' + ((SIZE / 1000)%10)),
  ('0' + ((SIZE / 100)%10)),
  ('0' + ((SIZE / 10)%10)),
  ('0' +  (SIZE    % 10)),
  ']',
#ifdef KEY
  ' ','k','e','y','[', KEY, ']',
#endif
  '\0'};

#ifdef __CLASSIC_C__
int main(argc, argv) int argc; char *argv[];
#else
int main(int argc, char *argv[])
#endif
{
  int require = 0;
  require += info_size[argc];
  (void)argv;
  return require;
}


Determining if the function fseeko exists failed with the following output:
Change Dir: C:/Work/Reaping2/deps/zlib-1.2.8/build/CMakeFiles/CMakeTmp

Run Build Command:C:\PROGRA~2\MICROS~1.0\Common7\IDE\devenv.com CMAKE_TRY_COMPILE.sln /build Debug /project cmTryCompileExec3026095473

Microsoft (R) Visual Studio Version 9.0.21022.8.
Copyright (C) Microsoft Corp. All rights reserved.
1>------ Build started: Project: cmTryCompileExec3026095473, Configuration: Debug Win32 ------
1>Compiling...
1>Microsoft (R) 32-bit C/C++ Optimizing Compiler Version 15.00.21022.08 for 80x86
1>Copyright (C) Microsoft Corporation.  All rights reserved.
1>cl /Od /D "WIN32" /D "_WINDOWS" /D "CHECK_FUNCTION_EXISTS=fseeko" /D "_DEBUG" /D "CMAKE_INTDIR=\"Debug\"" /D "_MBCS" /FD /RTC1 /MDd /Fo"cmTryCompileExec3026095473.dir\Debug\\" /Fd"cmTryCompileExec3026095473.dir\Debug\vc90.pdb" /W3 /c /Zi /TC "..\..\..\..\..\maketools\cmake-2.8.12-win32-x86\share\cmake-2.8\Modules\CheckFunctionExists.c"
1>CheckFunctionExists.c
1>Compiling manifest to resources...
1>Microsoft (R) Windows (R) Resource Compiler Version 6.0.5724.0
1>Copyright (C) Microsoft Corporation.  All rights reserved.
1>Linking...
1>CheckFunctionExists.obj : error LNK2019: unresolved external symbol _fseeko referenced in function _main
1>C:\Work\Reaping2\deps\zlib-1.2.8\build\CMakeFiles\CMakeTmp\Debug\cmTryCompileExec3026095473.exe : fatal error LNK1120: 1 unresolved externals
1>Build log was saved at "file://c:\Work\Reaping2\deps\zlib-1.2.8\build\CMakeFiles\CMakeTmp\cmTryCompileExec3026095473.dir\Debug\BuildLog.htm"
1>cmTryCompileExec3026095473 - 2 error(s), 0 warning(s)
========== Build: 0 succeeded, 1 failed, 0 up-to-date, 0 skipped ==========


Determining if the include file unistd.h exists failed with the following output:
Change Dir: C:/Work/Reaping2/deps/zlib-1.2.8/build/CMakeFiles/CMakeTmp

Run Build Command:C:\PROGRA~2\MICROS~1.0\Common7\IDE\devenv.com CMAKE_TRY_COMPILE.sln /build Debug /project cmTryCompileExec3425473062

Microsoft (R) Visual Studio Version 9.0.21022.8.
Copyright (C) Microsoft Corp. All rights reserved.
1>------ Build started: Project: cmTryCompileExec3425473062, Configuration: Debug Win32 ------
1>Compiling...
1>Microsoft (R) 32-bit C/C++ Optimizing Compiler Version 15.00.21022.08 for 80x86
1>Copyright (C) Microsoft Corporation.  All rights reserved.
1>cl /Od /D "WIN32" /D "_WINDOWS" /D "_DEBUG" /D "CMAKE_INTDIR=\"Debug\"" /D "_MBCS" /FD /RTC1 /MDd /Fo"cmTryCompileExec3425473062.dir\Debug\\" /Fd"cmTryCompileExec3425473062.dir\Debug\vc90.pdb" /W3 /c /Zi /TC ".\CheckIncludeFile.c"
1>CheckIncludeFile.c
1>.\CheckIncludeFile.c(1) : fatal error C1083: Cannot open include file: 'unistd.h': No such file or directory
1>Build log was saved at "file://c:\Work\Reaping2\deps\zlib-1.2.8\build\CMakeFiles\CMakeTmp\cmTryCompileExec3425473062.dir\Debug\BuildLog.htm"
1>cmTryCompileExec3425473062 - 1 error(s), 0 warning(s)
========== Build: 0 succeeded, 1 failed, 0 up-to-date, 0 skipped ==========


